Flow report for fpga_top
Tue Nov  1 18:43:51 2016
Quartus Prime Version 16.0.0 Build 211 04/27/2016 SJ Lite Edition


---------------------
; Table of Contents ;
---------------------
  1. Legal Notice
  2. Flow Summary
  3. Flow Settings
  4. Flow Non-Default Global Settings
  5. Flow Elapsed Time
  6. Flow OS Summary
  7. Flow Log
  8. Flow Messages
  9. Flow Suppressed Messages



----------------
; Legal Notice ;
----------------
Copyright (C) 1991-2016 Altera Corporation. All rights reserved.
Your use of Altera Corporation's design tools, logic functions 
and other software and tools, and its AMPP partner logic 
functions, and any output files from any of the foregoing 
(including device programming or simulation files), and any 
associated documentation or information are expressly subject 
to the terms and conditions of the Altera Program License 
Subscription Agreement, the Altera Quartus Prime License Agreement,
the Altera MegaCore Function License Agreement, or other 
applicable license agreement, including, without limitation, 
that your use is for the sole purpose of programming logic 
devices manufactured by Altera and sold by Altera or its 
authorized distributors.  Please refer to the applicable 
agreement for further details.



+-------------------------------------------------------------------------------+
; Flow Summary                                                                  ;
+---------------------------------+---------------------------------------------+
; Flow Status                     ; Successful - Tue Nov  1 18:43:42 2016       ;
; Quartus Prime Version           ; 16.0.0 Build 211 04/27/2016 SJ Lite Edition ;
; Revision Name                   ; fpga_top                                    ;
; Top-level Entity Name           ; poly_function                               ;
; Family                          ; Cyclone V                                   ;
; Device                          ; 5CSEMA5F31C6                                ;
; Timing Models                   ; Final                                       ;
; Logic utilization (in ALMs)     ; 41 / 32,070 ( < 1 % )                       ;
; Total registers                 ; 53                                          ;
; Total pins                      ; 33 / 457 ( 7 % )                            ;
; Total virtual pins              ; 0                                           ;
; Total block memory bits         ; 0 / 4,065,280 ( 0 % )                       ;
; Total DSP Blocks                ; 1 / 87 ( 1 % )                              ;
; Total HSSI RX PCSs              ; 0                                           ;
; Total HSSI PMA RX Deserializers ; 0                                           ;
; Total HSSI TX PCSs              ; 0                                           ;
; Total HSSI PMA TX Serializers   ; 0                                           ;
; Total PLLs                      ; 0 / 6 ( 0 % )                               ;
; Total DLLs                      ; 0 / 4 ( 0 % )                               ;
+---------------------------------+---------------------------------------------+


+-----------------------------------------+
; Flow Settings                           ;
+-------------------+---------------------+
; Option            ; Setting             ;
+-------------------+---------------------+
; Start date & time ; 11/01/2016 18:42:41 ;
; Main task         ; Compilation         ;
; Revision Name     ; fpga_top            ;
+-------------------+---------------------+


+--------------------------------------------------------------------------------------------------------------------+
; Flow Non-Default Global Settings                                                                                   ;
+-------------------------------------+---------------------------------+---------------+---------------+------------+
; Assignment Name                     ; Value                           ; Default Value ; Entity Name   ; Section Id ;
+-------------------------------------+---------------------------------+---------------+---------------+------------+
; COMPILER_SIGNATURE_ID               ; 118796719441247.147804016022692 ; --            ; --            ; --         ;
; MAX_CORE_JUNCTION_TEMP              ; 85                              ; --            ; --            ; --         ;
; MIN_CORE_JUNCTION_TEMP              ; 0                               ; --            ; --            ; --         ;
; PARTITION_COLOR                     ; 16764057                        ; --            ; poly_function ; Top        ;
; PARTITION_FITTER_PRESERVATION_LEVEL ; PLACEMENT_AND_ROUTING           ; --            ; poly_function ; Top        ;
; PARTITION_NETLIST_TYPE              ; SOURCE                          ; --            ; poly_function ; Top        ;
; TOP_LEVEL_ENTITY                    ; poly_function                   ; fpga_top      ; --            ; --         ;
+-------------------------------------+---------------------------------+---------------+---------------+------------+


+-------------------------------------------------------------------------------------------------------------------------------+
; Flow Elapsed Time                                                                                                             ;
+---------------------------+--------------+-------------------------+---------------------+------------------------------------+
; Module Name               ; Elapsed Time ; Average Processors Used ; Peak Virtual Memory ; Total CPU Time (on all processors) ;
+---------------------------+--------------+-------------------------+---------------------+------------------------------------+
; Analysis & Synthesis      ; 00:00:13     ; 1.0                     ; 1224 MB             ; 00:00:20                           ;
; Fitter                    ; 00:00:37     ; 1.0                     ; 2268 MB             ; 00:00:43                           ;
; Assembler                 ; 00:00:07     ; 1.0                     ; 1213 MB             ; 00:00:05                           ;
; TimeQuest Timing Analyzer ; 00:00:08     ; 1.0                     ; 1428 MB             ; 00:00:04                           ;
; Total                     ; 00:01:05     ; --                      ; --                  ; 00:01:12                           ;
+---------------------------+--------------+-------------------------+---------------------+------------------------------------+


+---------------------------------------------------------------------------------------------+
; Flow OS Summary                                                                             ;
+---------------------------+------------------+----------------+------------+----------------+
; Module Name               ; Machine Hostname ; OS Name        ; OS Version ; Processor type ;
+---------------------------+------------------+----------------+------------+----------------+
; Analysis & Synthesis      ; b2200-05         ; Ubuntu 14.04.5 ; 14         ; x86_64         ;
; Fitter                    ; b2200-05         ; Ubuntu 14.04.5 ; 14         ; x86_64         ;
; Assembler                 ; b2200-05         ; Ubuntu 14.04.5 ; 14         ; x86_64         ;
; TimeQuest Timing Analyzer ; b2200-05         ; Ubuntu 14.04.5 ; 14         ; x86_64         ;
+---------------------------+------------------+----------------+------------+----------------+


------------
; Flow Log ;
------------
quartus_map --read_settings_files=on --write_settings_files=off poly_function -c fpga_top
quartus_fit --read_settings_files=off --write_settings_files=off poly_function -c fpga_top
quartus_asm --read_settings_files=off --write_settings_files=off poly_function -c fpga_top
quartus_sta poly_function -c fpga_top



